{"logTime": "1217/083614", "correlationVector":"oQLwZz3p+ql1kELi6Q/IZY.1","action":"SyncServerConnectionManagerRequest", "result":"SYNC_SERVER_OK", "context":{"environment":"Prod_southeastasia_prod-s01-065-apac-southeastasia", "migrationStage":"NotStarted", "server":"akswtt10800000b"}}
{"logTime": "1217/083614", "correlationVector":"oQLwZz3p+ql1kELi6Q/IZY.2","action":"ProcessGetUpdates", "result":"Done", "context":{"dataType":"Encryption Keys", "deleted":"0", "process_failed_to_decrypt":"0", "process_pending_decryption":"0", "process_success":"1", "total":"1"}}
{"logTime": "1217/083617", "correlationVector":"w6yEOURRiqGsvjRx0sBsXm","action":"SyncServerConnectionManagerRequest", "result":"SYNC_SERVER_OK", "context":{"environment":"", "migrationStage":"", "server":""}}
{"logTime": "1217/083617", "correlationVector":"w6yEOURRiqGsvjRx0sBsXm.0","action":"EncryptionKeysFetcher.DownloadKeys:", "result":"Success", "context":Key count: 10, Last key timestamp: 2025-12-06T11:12:58Z}
{"logTime": "1217/083617", "correlationVector":"w6yEOURRiqGsvjRx0sBsXm.1","action":"EncryptionKeysManager::SetEncryptionKeys:", "result":"Success", "context":Key names[10]:[6PkLrrX2Fmgm99Emgl+t13nZLIJVZ61304UG13v+3ilcQQ9VXjRspvoaP67coVspDpj3opzCK2Vx1qWilfPb4Q==][tsuZE1pnKS5ari3HgQzYOpYVisXLl5S6g28NmadAoc1qrnR45NK3jLDx+WoHo33wsim/+6TWwnI+2trYXj0Ugg==][Ciqez7btD6p0Imbl87UEArm9wu5pGlspEGdWAjgXk1hjkzvNZrd++ddIma/NMIyIiCqzoPPc5lunUsr67HEOrg==][OlTOrhCd7MvUvdJHdpI7r4vqQD0vtjc/fmvijOxDV7mWqKxqaHRR1+VXAt12So52Ll0fsNR+YXcLDTgNM4Cn2w==][YUhrEMRyHYCVowXA8q2AP+suP32XpgdCeyx7BnhPeQh10YLmmbodu2/N31dtuA4/5UxizIDkbmqdZs++4CiiQg==][A3cN78E1XPMNSPqEVaIEsgkGZokTT2U9g1DOqLJL6QV39L3jT/kxYC4JNy2SEaIy+TfwZg10oKEViBPbYHS6wQ==][xNhgtBjeQJHsM6XdoCuJyE/YMNDhJA7qxr6WjQRukybn424YZgEXpfavj+frwKBcMbfyUAYx7mXu3OyPbVf8+A==][9Y4FturHCn7fOpY0lglBrBQpHwKmeZrgwL8+aaW2b7E8nCAXBqwy8md37pQAflt/Or0rh1x2ZzzSKGQpuP8dvA==][ApYMPXezuj47mln3g2kG8gNJX9G4dosvkBWGusGQFD4QAX8RtrnJpTNchZmeRFhClSvW4BEN4ZxpkDq2iwGhPA==][b1bKpjRMWtwq9AzgcFw71USEipuMQe5N1pF3DJWPS106fG6B3alFPnbyFpputbfHiw/kI5KnzkMPelmGGehkLg==]}
{"logTime": "1217/083617", "correlationVector":"w6yEOURRiqGsvjRx0sBsXm.2","action":"EncryptionKeysManager::SetEncryptionKeysWithTimestamps:", "result":"Success", "context":Key timestamps[10]:[2021-09-29T10:04:38Z][2022-03-29T00:08:54Z][2022-09-27T02:51:46Z][2023-04-28T15:00:11Z][2023-10-26T00:05:41Z][2024-04-23T09:44:15Z][2024-10-20T22:27:18Z][2024-12-09T10:39:44Z][2025-06-09T03:35:51Z][2025-12-06T11:12:58Z]}
{"logTime": "1217/083617", "correlationVector":"oQLwZz3p+ql1kELi6Q/IZY","action":"Initial GetUpdates", "result":"", "context":Reason: NEW_CLIENT. cV=oQLwZz3p+ql1kELi6Q/IZY}
{"logTime": "1217/083617", "correlationVector":"oQLwZz3p+ql1kELi6Q/IZY.3","action":"GetUpdates Response", "result":"Success", "context":Received 1 update(s). cV=oQLwZz3p+ql1kELi6Q/IZY.0;server=akswtt10800000b;cloudType=Consumer;environment=Prod_southeastasia_prod-s01-065-apac-southeastasia;migrationStage=NotStarted}
{"logTime": "1217/083617", "correlationVector":"guTXJT/7INRtro11GsME9N","action":"Initial GetUpdates", "result":"", "context":Reason: NEWLY_SUPPORTED_DATATYPE. cV=guTXJT/7INRtro11GsME9N}
{"logTime": "1217/083620", "correlationVector":"guTXJT/7INRtro11GsME9N.1","action":"SyncServerConnectionManagerRequest", "result":"SYNC_SERVER_OK", "context":{"environment":"Prod_southeastasia_prod-s01-064-apac-southeastasia", "migrationStage":"NotStarted", "server":"akswtt10800000r"}}
{"logTime": "1217/083620", "correlationVector":"guTXJT/7INRtro11GsME9N.2","action":"ProcessGetUpdates", "result":"Done", "context":{"dataType":"Preferences", "deleted":"0", "process_failed_to_decrypt":"0", "process_pending_decryption":"0", "process_success":"96", "total":"96"}}
{"logTime": "1217/083620", "correlationVector":"guTXJT/7INRtro11GsME9N.3","action":"ProcessGetUpdates", "result":"Done", "context":{"dataType":"Passwords", "deleted":"0", "process_failed_to_decrypt":"0", "process_pending_decryption":"0", "process_success":"52", "total":"52"}}
{"logTime": "1217/083620", "correlationVector":"guTXJT/7INRtro11GsME9N.4","action":"ProcessGetUpdates", "result":"Done", "context":{"dataType":"Device Info", "deleted":"0", "process_failed_to_decrypt":"0", "process_pending_decryption":"0", "process_success":"4", "total":"4"}}
{"logTime": "1217/083620", "correlationVector":"guTXJT/7INRtro11GsME9N.5","action":"GetUpdates Response", "result":"Success", "context":Received 152 update(s). cV=guTXJT/7INRtro11GsME9N.0;server=akswtt10800000r;cloudType=Consumer;environment=Prod_southeastasia_prod-s01-064-apac-southeastasia;migrationStage=NotStarted}
{"logTime": "1217/083620", "correlationVector":"9uoMOlxJvQIW/omkZSqaIq","action":"Initial GetUpdates", "result":"", "context":Reason: NEWLY_SUPPORTED_DATATYPE. cV=9uoMOlxJvQIW/omkZSqaIq}
{"logTime": "1217/083621", "correlationVector":"9uoMOlxJvQIW/omkZSqaIq.1","action":"SyncServerConnectionManagerRequest", "result":"SYNC_SERVER_OK", "context":{"environment":"Prod_southeastasia_prod-s01-064-apac-southeastasia", "migrationStage":"NotStarted", "server":"akswtt10800000b"}}
{"logTime": "1217/083621", "correlationVector":"9uoMOlxJvQIW/omkZSqaIq.2","action":"ProcessGetUpdates", "result":"Done", "context":{"dataType":"Bookmarks", "deleted":"13", "process_failed_to_decrypt":"0", "process_pending_decryption":"0", "process_success":"32", "total":"32"}}
{"logTime": "1217/083621", "correlationVector":"9uoMOlxJvQIW/omkZSqaIq.3","action":"GetUpdates Response", "result":"Success", "context":Received 32 update(s). cV=9uoMOlxJvQIW/omkZSqaIq.0;server=akswtt10800000b;cloudType=Consumer;environment=Prod_southeastasia_prod-s01-064-apac-southeastasia;migrationStage=NotStarted}
{"logTime": "1217/083621", "correlationVector":"wm4B06cGC1tYYVv3UcnbvM","action":"Initial GetUpdates", "result":"", "context":Reason: NEWLY_SUPPORTED_DATATYPE. cV=wm4B06cGC1tYYVv3UcnbvM}
{"logTime": "1217/083623", "correlationVector":"wm4B06cGC1tYYVv3UcnbvM.1","action":"SyncServerConnectionManagerRequest", "result":"SYNC_SERVER_OK", "context":{"environment":"Prod_southeastasia_prod-s01-064-apac-southeastasia", "migrationStage":"NotStarted", "server":"akswtt108000007"}}
{"logTime": "1217/083623", "correlationVector":"wm4B06cGC1tYYVv3UcnbvM.2","action":"ProcessGetUpdates", "result":"Done", "context":{"dataType":"Extensions", "deleted":"0", "process_failed_to_decrypt":"0", "process_pending_decryption":"0", "process_success":"1", "total":"1"}}
{"logTime": "1217/083623", "correlationVector":"wm4B06cGC1tYYVv3UcnbvM.3","action":"ProcessGetUpdates", "result":"Done", "context":{"dataType":"Sessions", "deleted":"243", "process_failed_to_decrypt":"0", "process_pending_decryption":"0", "process_success":"243", "total":"243"}}
{"logTime": "1217/083623", "correlationVector":"wm4B06cGC1tYYVv3UcnbvM.4","action":"ProcessGetUpdates", "result":"Done", "context":{"dataType":"Collection", "deleted":"0", "process_failed_to_decrypt":"0", "process_pending_decryption":"0", "process_success":"1", "total":"1"}}
{"logTime": "1217/083623", "correlationVector":"wm4B06cGC1tYYVv3UcnbvM.5","action":"ProcessGetUpdates", "result":"Done", "context":{"dataType":"Edge Hub App Usage", "deleted":"4", "process_failed_to_decrypt":"0", "process_pending_decryption":"0", "process_success":"5", "total":"5"}}
{"logTime": "1217/083623", "correlationVector":"wm4B06cGC1tYYVv3UcnbvM.6","action":"GetUpdates Response", "result":"Success", "context":Received 250 update(s). cV=wm4B06cGC1tYYVv3UcnbvM.0;server=akswtt108000007;cloudType=Consumer;environment=Prod_southeastasia_prod-s01-064-apac-southeastasia;migrationStage=NotStarted Some updates remain.}
{"logTime": "1217/083623", "correlationVector":"HPlukonlH/+jdV3U/ieE6Q","action":"Initial GetUpdates", "result":"", "context":Reason: NEWLY_SUPPORTED_DATATYPE. cV=HPlukonlH/+jdV3U/ieE6Q}
{"logTime": "1217/083625", "correlationVector":"HPlukonlH/+jdV3U/ieE6Q.1","action":"SyncServerConnectionManagerRequest", "result":"SYNC_SERVER_OK", "context":{"environment":"Prod_southeastasia_prod-s01-064-apac-southeastasia", "migrationStage":"NotStarted", "server":"akswtt10800000l"}}
{"logTime": "1217/083625", "correlationVector":"HPlukonlH/+jdV3U/ieE6Q.2","action":"ProcessGetUpdates", "result":"Done", "context":{"dataType":"Autofill Profiles", "deleted":"2", "process_failed_to_decrypt":"0", "process_pending_decryption":"0", "process_success":"2", "total":"2"}}
{"logTime": "1217/083625", "correlationVector":"HPlukonlH/+jdV3U/ieE6Q.3","action":"ProcessGetUpdates", "result":"Done", "context":{"dataType":"Autofill", "deleted":"0", "process_failed_to_decrypt":"0", "process_pending_decryption":"0", "process_success":"1", "total":"1"}}
{"logTime": "1217/083625", "correlationVector":"HPlukonlH/+jdV3U/ieE6Q.4","action":"ProcessGetUpdates", "result":"Done", "context":{"dataType":"Extensions", "deleted":"0", "process_failed_to_decrypt":"0", "process_pending_decryption":"0", "process_success":"1", "total":"1"}}
{"logTime": "1217/083625", "correlationVector":"HPlukonlH/+jdV3U/ieE6Q.5","action":"ProcessGetUpdates", "result":"Done", "context":{"dataType":"Sessions", "deleted":"242", "process_failed_to_decrypt":"0", "process_pending_decryption":"0", "process_success":"242", "total":"242"}}
{"logTime": "1217/083625", "correlationVector":"HPlukonlH/+jdV3U/ieE6Q.6","action":"ProcessGetUpdates", "result":"Done", "context":{"dataType":"Saved Tab Group", "deleted":"3", "process_failed_to_decrypt":"0", "process_pending_decryption":"0", "process_success":"3", "total":"3"}}
{"logTime": "1217/083625", "correlationVector":"HPlukonlH/+jdV3U/ieE6Q.7","action":"ProcessGetUpdates", "result":"Done", "context":{"dataType":"Edge Hub App Usage", "deleted":"0", "process_failed_to_decrypt":"0", "process_pending_decryption":"0", "process_success":"1", "total":"1"}}
{"logTime": "1217/083625", "correlationVector":"HPlukonlH/+jdV3U/ieE6Q.8","action":"GetUpdates Response", "result":"Success", "context":Received 250 update(s). cV=HPlukonlH/+jdV3U/ieE6Q.0;server=akswtt10800000l;cloudType=Consumer;environment=Prod_southeastasia_prod-s01-064-apac-southeastasia;migrationStage=NotStarted Some updates remain.}
{"logTime": "1217/083625", "correlationVector":"gqn75EpdJ+QSWYrzQBkoB3","action":"Initial GetUpdates", "result":"", "context":Reason: NEWLY_SUPPORTED_DATATYPE. cV=gqn75EpdJ+QSWYrzQBkoB3}
{"logTime": "1217/083627", "correlationVector":"gqn75EpdJ+QSWYrzQBkoB3.1","action":"SyncServerConnectionManagerRequest", "result":"SYNC_SERVER_OK", "context":{"environment":"Prod_southeastasia_prod-s01-064-apac-southeastasia", "migrationStage":"NotStarted", "server":"akswtt10800000b"}}
{"logTime": "1217/083627", "correlationVector":"gqn75EpdJ+QSWYrzQBkoB3.2","action":"ProcessGetUpdates", "result":"Done", "context":{"dataType":"Extensions", "deleted":"0", "process_failed_to_decrypt":"0", "process_pending_decryption":"0", "process_success":"1", "total":"1"}}
{"logTime": "1217/083627", "correlationVector":"gqn75EpdJ+QSWYrzQBkoB3.3","action":"ProcessGetUpdates", "result":"Done", "context":{"dataType":"Sessions", "deleted":"244", "process_failed_to_decrypt":"0", "process_pending_decryption":"0", "process_success":"244", "total":"244"}}
{"logTime": "1217/083627", "correlationVector":"gqn75EpdJ+QSWYrzQBkoB3.4","action":"ProcessGetUpdates", "result":"Done", "context":{"dataType":"History Delete Directives", "deleted":"0", "process_failed_to_decrypt":"0", "process_pending_decryption":"0", "process_success":"3", "total":"3"}}
{"logTime": "1217/083627", "correlationVector":"gqn75EpdJ+QSWYrzQBkoB3.5","action":"ProcessGetUpdates", "result":"Done", "context":{"dataType":"Edge Hub App Usage", "deleted":"1", "process_failed_to_decrypt":"0", "process_pending_decryption":"0", "process_success":"2", "total":"2"}}
{"logTime": "1217/083627", "correlationVector":"gqn75EpdJ+QSWYrzQBkoB3.6","action":"GetUpdates Response", "result":"Success", "context":Received 250 update(s). cV=gqn75EpdJ+QSWYrzQBkoB3.0;server=akswtt10800000b;cloudType=Consumer;environment=Prod_southeastasia_prod-s01-064-apac-southeastasia;migrationStage=NotStarted Some updates remain.}
{"logTime": "1217/083627", "correlationVector":"oGW3Eii/SzZH6+l6lz32U6","action":"Initial GetUpdates", "result":"", "context":Reason: NEWLY_SUPPORTED_DATATYPE. cV=oGW3Eii/SzZH6+l6lz32U6}
{"logTime": "1217/083628", "correlationVector":"oGW3Eii/SzZH6+l6lz32U6.1","action":"SyncServerConnectionManagerRequest", "result":"SYNC_SERVER_OK", "context":{"environment":"Prod_southeastasia_prod-s01-064-apac-southeastasia", "migrationStage":"NotStarted", "server":"akswtt108000007"}}
{"logTime": "1217/083628", "correlationVector":"oGW3Eii/SzZH6+l6lz32U6.2","action":"ProcessGetUpdates", "result":"Done", "context":{"dataType":"Autofill Profiles", "deleted":"0", "process_failed_to_decrypt":"0", "process_pending_decryption":"0", "process_success":"29", "total":"29"}}
{"logTime": "1217/083628", "correlationVector":"oGW3Eii/SzZH6+l6lz32U6.3","action":"ProcessGetUpdates", "result":"Done", "context":{"dataType":"Autofill", "deleted":"0", "process_failed_to_decrypt":"0", "process_pending_decryption":"0", "process_success":"199", "total":"199"}}
{"logTime": "1217/083628", "correlationVector":"oGW3Eii/SzZH6+l6lz32U6.4","action":"ProcessGetUpdates", "result":"Done", "context":{"dataType":"Sessions", "deleted":"22", "process_failed_to_decrypt":"0", "process_pending_decryption":"0", "process_success":"22", "total":"22"}}
{"logTime": "1217/083628", "correlationVector":"oGW3Eii/SzZH6+l6lz32U6.5","action":"GetUpdates Response", "result":"Success", "context":Received 250 update(s). cV=oGW3Eii/SzZH6+l6lz32U6.0;server=akswtt108000007;cloudType=Consumer;environment=Prod_southeastasia_prod-s01-064-apac-southeastasia;migrationStage=NotStarted Some updates remain.}
{"logTime": "1217/083628", "correlationVector":"qCQXAyfvNRYoNLDYbhOTkE","action":"Initial GetUpdates", "result":"", "context":Reason: NEWLY_SUPPORTED_DATATYPE. cV=qCQXAyfvNRYoNLDYbhOTkE}
{"logTime": "1217/083630", "correlationVector":"qCQXAyfvNRYoNLDYbhOTkE.1","action":"SyncServerConnectionManagerRequest", "result":"SYNC_SERVER_OK", "context":{"environment":"Prod_southeastasia_prod-s01-064-apac-southeastasia", "migrationStage":"NotStarted", "server":"akswtt108000007"}}
{"logTime": "1217/083630", "correlationVector":"qCQXAyfvNRYoNLDYbhOTkE.2","action":"ProcessGetUpdates", "result":"Done", "context":{"dataType":"Autofill", "deleted":"0", "process_failed_to_decrypt":"0", "process_pending_decryption":"0", "process_success":"250", "total":"250"}}
{"logTime": "1217/083630", "correlationVector":"qCQXAyfvNRYoNLDYbhOTkE.3","action":"GetUpdates Response", "result":"Success", "context":Received 250 update(s). cV=qCQXAyfvNRYoNLDYbhOTkE.0;server=akswtt108000007;cloudType=Consumer;environment=Prod_southeastasia_prod-s01-064-apac-southeastasia;migrationStage=NotStarted Some updates remain.}
{"logTime": "1217/083630", "correlationVector":"mrN43ZrKBKea1jfvZ7Km1I","action":"Initial GetUpdates", "result":"", "context":Reason: NEWLY_SUPPORTED_DATATYPE. cV=mrN43ZrKBKea1jfvZ7Km1I}
{"logTime": "1217/083633", "correlationVector":"mrN43ZrKBKea1jfvZ7Km1I.1","action":"SyncServerConnectionManagerRequest", "result":"SYNC_SERVER_OK", "context":{"environment":"Prod_southeastasia_prod-s01-064-apac-southeastasia", "migrationStage":"NotStarted", "server":"akswtt10800000e"}}
{"logTime": "1217/083633", "correlationVector":"mrN43ZrKBKea1jfvZ7Km1I.2","action":"ProcessGetUpdates", "result":"Done", "context":{"dataType":"Autofill", "deleted":"0", "process_failed_to_decrypt":"0", "process_pending_decryption":"0", "process_success":"250", "total":"250"}}
{"logTime": "1217/083633", "correlationVector":"mrN43ZrKBKea1jfvZ7Km1I.3","action":"GetUpdates Response", "result":"Success", "context":Received 250 update(s). cV=mrN43ZrKBKea1jfvZ7Km1I.0;server=akswtt10800000e;cloudType=Consumer;environment=Prod_southeastasia_prod-s01-064-apac-southeastasia;migrationStage=NotStarted Some updates remain.}
{"logTime": "1217/083633", "correlationVector":"/NEqn2iou4feNQ8FtHfQxb","action":"Initial GetUpdates", "result":"", "context":Reason: NEWLY_SUPPORTED_DATATYPE. cV=/NEqn2iou4feNQ8FtHfQxb}
{"logTime": "1217/083637", "correlationVector":"/NEqn2iou4feNQ8FtHfQxb.1","action":"SyncServerConnectionManagerRequest", "result":"SYNC_SERVER_OK", "context":{"environment":"Prod_southeastasia_prod-s01-064-apac-southeastasia", "migrationStage":"NotStarted", "server":"akswtt10800000o"}}
{"logTime": "1217/083637", "correlationVector":"/NEqn2iou4feNQ8FtHfQxb.2","action":"ProcessGetUpdates", "result":"Done", "context":{"dataType":"Autofill", "deleted":"0", "process_failed_to_decrypt":"0", "process_pending_decryption":"0", "process_success":"250", "total":"250"}}
{"logTime": "1217/083637", "correlationVector":"/NEqn2iou4feNQ8FtHfQxb.3","action":"GetUpdates Response", "result":"Success", "context":Received 250 update(s). cV=/NEqn2iou4feNQ8FtHfQxb.0;server=akswtt10800000o;cloudType=Consumer;environment=Prod_southeastasia_prod-s01-064-apac-southeastasia;migrationStage=NotStarted Some updates remain.}
{"logTime": "1217/083637", "correlationVector":"F/q8xGk8FOCiaXYZBqup6t","action":"Initial GetUpdates", "result":"", "context":Reason: NEWLY_SUPPORTED_DATATYPE. cV=F/q8xGk8FOCiaXYZBqup6t}
{"logTime": "1217/083638", "correlationVector":"F/q8xGk8FOCiaXYZBqup6t.1","action":"SyncServerConnectionManagerRequest", "result":"SYNC_SERVER_OK", "context":{"environment":"Prod_southeastasia_prod-s01-064-apac-southeastasia", "migrationStage":"NotStarted", "server":"akswtt108000007"}}
{"logTime": "1217/083638", "correlationVector":"F/q8xGk8FOCiaXYZBqup6t.2","action":"ProcessGetUpdates", "result":"Done", "context":{"dataType":"Autofill", "deleted":"0", "process_failed_to_decrypt":"0", "process_pending_decryption":"0", "process_success":"250", "total":"250"}}
{"logTime": "1217/083638", "correlationVector":"F/q8xGk8FOCiaXYZBqup6t.3","action":"GetUpdates Response", "result":"Success", "context":Received 250 update(s). cV=F/q8xGk8FOCiaXYZBqup6t.0;server=akswtt108000007;cloudType=Consumer;environment=Prod_southeastasia_prod-s01-064-apac-southeastasia;migrationStage=NotStarted Some updates remain.}
{"logTime": "1217/083638", "correlationVector":"yp6zY+mPWAeA1d9f0pxiEe","action":"Initial GetUpdates", "result":"", "context":Reason: NEWLY_SUPPORTED_DATATYPE. cV=yp6zY+mPWAeA1d9f0pxiEe}
{"logTime": "1217/083640", "correlationVector":"yp6zY+mPWAeA1d9f0pxiEe.1","action":"SyncServerConnectionManagerRequest", "result":"SYNC_SERVER_OK", "context":{"environment":"Prod_southeastasia_prod-s01-064-apac-southeastasia", "migrationStage":"NotStarted", "server":"akswtt10800000b"}}
{"logTime": "1217/083640", "correlationVector":"yp6zY+mPWAeA1d9f0pxiEe.2","action":"ProcessGetUpdates", "result":"Done", "context":{"dataType":"Autofill", "deleted":"0", "process_failed_to_decrypt":"0", "process_pending_decryption":"0", "process_success":"250", "total":"250"}}
{"logTime": "1217/083640", "correlationVector":"yp6zY+mPWAeA1d9f0pxiEe.3","action":"GetUpdates Response", "result":"Success", "context":Received 250 update(s). cV=yp6zY+mPWAeA1d9f0pxiEe.0;server=akswtt10800000b;cloudType=Consumer;environment=Prod_southeastasia_prod-s01-064-apac-southeastasia;migrationStage=NotStarted Some updates remain.}
{"logTime": "1217/083640", "correlationVector":"uGRbqyCv76CEgu9M+3OHDH","action":"Initial GetUpdates", "result":"", "context":Reason: NEWLY_SUPPORTED_DATATYPE. cV=uGRbqyCv76CEgu9M+3OHDH}
{"logTime": "1217/083641", "correlationVector":"uGRbqyCv76CEgu9M+3OHDH.1","action":"SyncServerConnectionManagerRequest", "result":"SYNC_SERVER_OK", "context":{"environment":"Prod_southeastasia_prod-s01-064-apac-southeastasia", "migrationStage":"NotStarted", "server":"akswtt10800000e"}}
{"logTime": "1217/083641", "correlationVector":"uGRbqyCv76CEgu9M+3OHDH.2","action":"ProcessGetUpdates", "result":"Done", "context":{"dataType":"Autofill Profiles", "deleted":"2", "process_failed_to_decrypt":"0", "process_pending_decryption":"0", "process_success":"2", "total":"2"}}
{"logTime": "1217/083641", "correlationVector":"uGRbqyCv76CEgu9M+3OHDH.3","action":"ProcessGetUpdates", "result":"Done", "context":{"dataType":"Autofill", "deleted":"0", "process_failed_to_decrypt":"0", "process_pending_decryption":"0", "process_success":"120", "total":"120"}}
{"logTime": "1217/083641", "correlationVector":"uGRbqyCv76CEgu9M+3OHDH.4","action":"ProcessGetUpdates", "result":"Done", "context":{"dataType":"Sessions", "deleted":"125", "process_failed_to_decrypt":"0", "process_pending_decryption":"0", "process_success":"125", "total":"125"}}
{"logTime": "1217/083641", "correlationVector":"uGRbqyCv76CEgu9M+3OHDH.5","action":"ProcessGetUpdates", "result":"Done", "context":{"dataType":"Edge Hub App Usage", "deleted":"0", "process_failed_to_decrypt":"0", "process_pending_decryption":"0", "process_success":"3", "total":"3"}}
{"logTime": "1217/083641", "correlationVector":"uGRbqyCv76CEgu9M+3OHDH.6","action":"GetUpdates Response", "result":"Success", "context":Received 250 update(s). cV=uGRbqyCv76CEgu9M+3OHDH.0;server=akswtt10800000e;cloudType=Consumer;environment=Prod_southeastasia_prod-s01-064-apac-southeastasia;migrationStage=NotStarted Some updates remain.}
{"logTime": "1217/083641", "correlationVector":"tgZVUNyUlDiqWEANV/Rh7+","action":"Initial GetUpdates", "result":"", "context":Reason: NEWLY_SUPPORTED_DATATYPE. cV=tgZVUNyUlDiqWEANV/Rh7+}
{"logTime": "1217/083641", "correlationVector":"tgZVUNyUlDiqWEANV/Rh7+.1","action":"SyncServerConnectionManagerRequest", "result":"SYNC_SERVER_OK", "context":{"environment":"Prod_southeastasia_prod-s01-064-apac-southeastasia", "migrationStage":"NotStarted", "server":"akswtt10800000b"}}
{"logTime": "1217/083641", "correlationVector":"tgZVUNyUlDiqWEANV/Rh7+.2","action":"ProcessGetUpdates", "result":"Done", "context":{"dataType":"Autofill Profiles", "deleted":"0", "process_failed_to_decrypt":"0", "process_pending_decryption":"0", "process_success":"3", "total":"3"}}
{"logTime": "1217/083641", "correlationVector":"tgZVUNyUlDiqWEANV/Rh7+.3","action":"ProcessGetUpdates", "result":"Done", "context":{"dataType":"Autofill", "deleted":"0", "process_failed_to_decrypt":"0", "process_pending_decryption":"0", "process_success":"5", "total":"5"}}
{"logTime": "1217/083641", "correlationVector":"tgZVUNyUlDiqWEANV/Rh7+.4","action":"ProcessGetUpdates", "result":"Done", "context":{"dataType":"Extensions", "deleted":"0", "process_failed_to_decrypt":"0", "process_pending_decryption":"0", "process_success":"1", "total":"1"}}
{"logTime": "1217/083641", "correlationVector":"tgZVUNyUlDiqWEANV/Rh7+.5","action":"ProcessGetUpdates", "result":"Done", "context":{"dataType":"Sessions", "deleted":"135", "process_failed_to_decrypt":"0", "process_pending_decryption":"0", "process_success":"137", "total":"137"}}
{"logTime": "1217/083641", "correlationVector":"tgZVUNyUlDiqWEANV/Rh7+.6","action":"GetUpdates Response", "result":"Success", "context":Received 146 update(s). cV=tgZVUNyUlDiqWEANV/Rh7+.0;server=akswtt10800000b;cloudType=Consumer;environment=Prod_southeastasia_prod-s01-064-apac-southeastasia;migrationStage=NotStarted}
{"logTime": "1217/083641", "correlationVector":"sPeCOfYmQsQO5QNNVyEqyt","action":"Initial GetUpdates", "result":"", "context":Reason: NEWLY_SUPPORTED_DATATYPE. cV=sPeCOfYmQsQO5QNNVyEqyt}
{"logTime": "1217/083644", "correlationVector":"sPeCOfYmQsQO5QNNVyEqyt.1","action":"SyncServerConnectionManagerRequest", "result":"SYNC_SERVER_OK", "context":{"environment":"Prod_southeastasia_prod-s01-064-apac-southeastasia", "migrationStage":"NotStarted", "server":"akswtt10800000b"}}
{"logTime": "1217/083644", "correlationVector":"sPeCOfYmQsQO5QNNVyEqyt.2","action":"ProcessGetUpdates", "result":"Done", "context":{"dataType":"History", "deleted":"0", "process_failed_to_decrypt":"0", "process_pending_decryption":"0", "process_success":"250", "total":"250"}}
{"logTime": "1217/083644", "correlationVector":"sPeCOfYmQsQO5QNNVyEqyt.3","action":"GetUpdates Response", "result":"Success", "context":Received 250 update(s). cV=sPeCOfYmQsQO5QNNVyEqyt.0;server=akswtt10800000b;cloudType=Consumer;environment=Prod_southeastasia_prod-s01-064-apac-southeastasia;migrationStage=NotStarted Some updates remain.}
{"logTime": "1217/083644", "correlationVector":"Ps1V57DxQk5SDEHUk2TyWk","action":"Initial GetUpdates", "result":"", "context":Reason: NEWLY_SUPPORTED_DATATYPE. cV=Ps1V57DxQk5SDEHUk2TyWk}
{"logTime": "1217/083645", "correlationVector":"Ps1V57DxQk5SDEHUk2TyWk.1","action":"SyncServerConnectionManagerRequest", "result":"SYNC_SERVER_OK", "context":{"environment":"Prod_southeastasia_prod-s01-064-apac-southeastasia", "migrationStage":"NotStarted", "server":"akswtt10800000d"}}
{"logTime": "1217/083645", "correlationVector":"Ps1V57DxQk5SDEHUk2TyWk.2","action":"ProcessGetUpdates", "result":"Done", "context":{"dataType":"History", "deleted":"0", "process_failed_to_decrypt":"0", "process_pending_decryption":"0", "process_success":"250", "total":"250"}}
{"logTime": "1217/083645", "correlationVector":"Ps1V57DxQk5SDEHUk2TyWk.3","action":"GetUpdates Response", "result":"Success", "context":Received 250 update(s). cV=Ps1V57DxQk5SDEHUk2TyWk.0;server=akswtt10800000d;cloudType=Consumer;environment=Prod_southeastasia_prod-s01-064-apac-southeastasia;migrationStage=NotStarted Some updates remain.}
{"logTime": "1217/083646", "correlationVector":"ltWijEJCfZ1mmtHEiVmRP8","action":"Initial GetUpdates", "result":"", "context":Reason: NEWLY_SUPPORTED_DATATYPE. cV=ltWijEJCfZ1mmtHEiVmRP8}
{"logTime": "1217/083650", "correlationVector":"ltWijEJCfZ1mmtHEiVmRP8.1","action":"SyncServerConnectionManagerRequest", "result":"SYNC_SERVER_OK", "context":{"environment":"Prod_southindia_prod-s01-004-apac-southindia", "migrationStage":"NotStarted", "server":"akswtt02300002z"}}
{"logTime": "1217/083650", "correlationVector":"ltWijEJCfZ1mmtHEiVmRP8.2","action":"ProcessGetUpdates", "result":"Done", "context":{"dataType":"History", "deleted":"0", "process_failed_to_decrypt":"0", "process_pending_decryption":"0", "process_success":"250", "total":"250"}}
{"logTime": "1217/083650", "correlationVector":"ltWijEJCfZ1mmtHEiVmRP8.3","action":"GetUpdates Response", "result":"Success", "context":Received 250 update(s). cV=ltWijEJCfZ1mmtHEiVmRP8.0;server=akswtt02300002z;cloudType=Consumer;environment=Prod_southindia_prod-s01-004-apac-southindia;migrationStage=NotStarted Some updates remain.}
{"logTime": "1217/083650", "correlationVector":"V5HG9OljRH4NQcOHZEkNEk","action":"Initial GetUpdates", "result":"", "context":Reason: NEWLY_SUPPORTED_DATATYPE. cV=V5HG9OljRH4NQcOHZEkNEk}
{"logTime": "1217/083652", "correlationVector":"V5HG9OljRH4NQcOHZEkNEk.1","action":"SyncServerConnectionManagerRequest", "result":"SYNC_SERVER_OK", "context":{"environment":"Prod_southeastasia_prod-s01-064-apac-southeastasia", "migrationStage":"NotStarted", "server":"akswtt108000005"}}
{"logTime": "1217/083652", "correlationVector":"V5HG9OljRH4NQcOHZEkNEk.2","action":"ProcessGetUpdates", "result":"Done", "context":{"dataType":"History", "deleted":"0", "process_failed_to_decrypt":"0", "process_pending_decryption":"0", "process_success":"250", "total":"250"}}
{"logTime": "1217/083652", "correlationVector":"V5HG9OljRH4NQcOHZEkNEk.3","action":"GetUpdates Response", "result":"Success", "context":Received 250 update(s). cV=V5HG9OljRH4NQcOHZEkNEk.0;server=akswtt108000005;cloudType=Consumer;environment=Prod_southeastasia_prod-s01-064-apac-southeastasia;migrationStage=NotStarted Some updates remain.}
{"logTime": "1217/083652", "correlationVector":"0l/k+SDwBPS9krubaAcT36","action":"Initial GetUpdates", "result":"", "context":Reason: NEWLY_SUPPORTED_DATATYPE. cV=0l/k+SDwBPS9krubaAcT36}
{"logTime": "1217/083655", "correlationVector":"0l/k+SDwBPS9krubaAcT36.1","action":"SyncServerConnectionManagerRequest", "result":"SYNC_SERVER_OK", "context":{"environment":"Prod_southeastasia_prod-s01-064-apac-southeastasia", "migrationStage":"NotStarted", "server":"akswtt10800000b"}}
{"logTime": "1217/083655", "correlationVector":"0l/k+SDwBPS9krubaAcT36.2","action":"ProcessGetUpdates", "result":"Done", "context":{"dataType":"History", "deleted":"0", "process_failed_to_decrypt":"0", "process_pending_decryption":"0", "process_success":"250", "total":"250"}}
{"logTime": "1217/083655", "correlationVector":"0l/k+SDwBPS9krubaAcT36.3","action":"GetUpdates Response", "result":"Success", "context":Received 250 update(s). cV=0l/k+SDwBPS9krubaAcT36.0;server=akswtt10800000b;cloudType=Consumer;environment=Prod_southeastasia_prod-s01-064-apac-southeastasia;migrationStage=NotStarted Some updates remain.}
{"logTime": "1217/083655", "correlationVector":"bBClpYQlDYx5+ku/kDWeUe","action":"Initial GetUpdates", "result":"", "context":Reason: NEWLY_SUPPORTED_DATATYPE. cV=bBClpYQlDYx5+ku/kDWeUe}
{"logTime": "1217/083658", "correlationVector":"bBClpYQlDYx5+ku/kDWeUe.1","action":"SyncServerConnectionManagerRequest", "result":"SYNC_SERVER_OK", "context":{"environment":"Prod_southeastasia_prod-s01-064-apac-southeastasia", "migrationStage":"NotStarted", "server":"akswtt10800000b"}}
{"logTime": "1217/083658", "correlationVector":"bBClpYQlDYx5+ku/kDWeUe.2","action":"ProcessGetUpdates", "result":"Done", "context":{"dataType":"History", "deleted":"0", "process_failed_to_decrypt":"0", "process_pending_decryption":"0", "process_success":"250", "total":"250"}}
{"logTime": "1217/083658", "correlationVector":"bBClpYQlDYx5+ku/kDWeUe.3","action":"GetUpdates Response", "result":"Success", "context":Received 250 update(s). cV=bBClpYQlDYx5+ku/kDWeUe.0;server=akswtt10800000b;cloudType=Consumer;environment=Prod_southeastasia_prod-s01-064-apac-southeastasia;migrationStage=NotStarted Some updates remain.}
{"logTime": "1217/083658", "correlationVector":"2tDPazgLRzwMNpqo61Ny1e","action":"Initial GetUpdates", "result":"", "context":Reason: NEWLY_SUPPORTED_DATATYPE. cV=2tDPazgLRzwMNpqo61Ny1e}
{"logTime": "1217/083659", "correlationVector":"2tDPazgLRzwMNpqo61Ny1e.1","action":"SyncServerConnectionManagerRequest", "result":"SYNC_SERVER_OK", "context":{"environment":"Prod_southeastasia_prod-s01-064-apac-southeastasia", "migrationStage":"NotStarted", "server":"akswtt10800000r"}}
{"logTime": "1217/083659", "correlationVector":"2tDPazgLRzwMNpqo61Ny1e.2","action":"ProcessGetUpdates", "result":"Done", "context":{"dataType":"History", "deleted":"1", "process_failed_to_decrypt":"0", "process_pending_decryption":"0", "process_success":"250", "total":"250"}}
{"logTime": "1217/083659", "correlationVector":"2tDPazgLRzwMNpqo61Ny1e.3","action":"GetUpdates Response", "result":"Success", "context":Received 250 update(s). cV=2tDPazgLRzwMNpqo61Ny1e.0;server=akswtt10800000r;cloudType=Consumer;environment=Prod_southeastasia_prod-s01-064-apac-southeastasia;migrationStage=NotStarted Some updates remain.}
{"logTime": "1217/083659", "correlationVector":"wx3Ar1pDlNheXKPqdktTz0","action":"Initial GetUpdates", "result":"", "context":Reason: NEWLY_SUPPORTED_DATATYPE. cV=wx3Ar1pDlNheXKPqdktTz0}
{"logTime": "1217/083701", "correlationVector":"wx3Ar1pDlNheXKPqdktTz0.1","action":"SyncServerConnectionManagerRequest", "result":"SYNC_SERVER_OK", "context":{"environment":"Prod_southeastasia_prod-s01-064-apac-southeastasia", "migrationStage":"NotStarted", "server":"akswtt10800000b"}}
{"logTime": "1217/083701", "correlationVector":"wx3Ar1pDlNheXKPqdktTz0.2","action":"ProcessGetUpdates", "result":"Done", "context":{"dataType":"History", "deleted":"2", "process_failed_to_decrypt":"0", "process_pending_decryption":"0", "process_success":"250", "total":"250"}}
{"logTime": "1217/083701", "correlationVector":"wx3Ar1pDlNheXKPqdktTz0.3","action":"GetUpdates Response", "result":"Success", "context":Received 250 update(s). cV=wx3Ar1pDlNheXKPqdktTz0.0;server=akswtt10800000b;cloudType=Consumer;environment=Prod_southeastasia_prod-s01-064-apac-southeastasia;migrationStage=NotStarted Some updates remain.}
{"logTime": "1217/083701", "correlationVector":"3tMjRk4tytLF8sgAHZlOjy","action":"Initial GetUpdates", "result":"", "context":Reason: NEWLY_SUPPORTED_DATATYPE. cV=3tMjRk4tytLF8sgAHZlOjy}
{"logTime": "1217/083704", "correlationVector":"3tMjRk4tytLF8sgAHZlOjy.1","action":"SyncServerConnectionManagerRequest", "result":"SYNC_SERVER_OK", "context":{"environment":"Prod_southeastasia_prod-s01-064-apac-southeastasia", "migrationStage":"NotStarted", "server":"akswtt10800000e"}}
{"logTime": "1217/083704", "correlationVector":"3tMjRk4tytLF8sgAHZlOjy.2","action":"ProcessGetUpdates", "result":"Done", "context":{"dataType":"History", "deleted":"0", "process_failed_to_decrypt":"0", "process_pending_decryption":"0", "process_success":"250", "total":"250"}}
{"logTime": "1217/083704", "correlationVector":"3tMjRk4tytLF8sgAHZlOjy.3","action":"GetUpdates Response", "result":"Success", "context":Received 250 update(s). cV=3tMjRk4tytLF8sgAHZlOjy.0;server=akswtt10800000e;cloudType=Consumer;environment=Prod_southeastasia_prod-s01-064-apac-southeastasia;migrationStage=NotStarted Some updates remain.}
{"logTime": "1217/083704", "correlationVector":"FGyADchu2SAgn1eFXB4000","action":"Initial GetUpdates", "result":"", "context":Reason: NEWLY_SUPPORTED_DATATYPE. cV=FGyADchu2SAgn1eFXB4000}
{"logTime": "1217/083707", "correlationVector":"FGyADchu2SAgn1eFXB4000.1","action":"SyncServerConnectionManagerRequest", "result":"SYNC_SERVER_OK", "context":{"environment":"Prod_southeastasia_prod-s01-064-apac-southeastasia", "migrationStage":"NotStarted", "server":"akswtt10800000r"}}
{"logTime": "1217/083707", "correlationVector":"FGyADchu2SAgn1eFXB4000.2","action":"ProcessGetUpdates", "result":"Done", "context":{"dataType":"History", "deleted":"0", "process_failed_to_decrypt":"0", "process_pending_decryption":"0", "process_success":"250", "total":"250"}}
{"logTime": "1217/083707", "correlationVector":"FGyADchu2SAgn1eFXB4000.3","action":"GetUpdates Response", "result":"Success", "context":Received 250 update(s). cV=FGyADchu2SAgn1eFXB4000.0;server=akswtt10800000r;cloudType=Consumer;environment=Prod_southeastasia_prod-s01-064-apac-southeastasia;migrationStage=NotStarted Some updates remain.}
{"logTime": "1217/083707", "correlationVector":"VNRluFIA22QmiZcDOFupDV","action":"Initial GetUpdates", "result":"", "context":Reason: NEWLY_SUPPORTED_DATATYPE. cV=VNRluFIA22QmiZcDOFupDV}
{"logTime": "1217/083709", "correlationVector":"VNRluFIA22QmiZcDOFupDV.1","action":"SyncServerConnectionManagerRequest", "result":"SYNC_SERVER_OK", "context":{"environment":"Prod_southeastasia_prod-s01-064-apac-southeastasia", "migrationStage":"NotStarted", "server":"akswtt108000005"}}
{"logTime": "1217/083709", "correlationVector":"VNRluFIA22QmiZcDOFupDV.2","action":"ProcessGetUpdates", "result":"Done", "context":{"dataType":"History", "deleted":"0", "process_failed_to_decrypt":"0", "process_pending_decryption":"0", "process_success":"250", "total":"250"}}
{"logTime": "1217/083709", "correlationVector":"VNRluFIA22QmiZcDOFupDV.3","action":"GetUpdates Response", "result":"Success", "context":Received 250 update(s). cV=VNRluFIA22QmiZcDOFupDV.0;server=akswtt108000005;cloudType=Consumer;environment=Prod_southeastasia_prod-s01-064-apac-southeastasia;migrationStage=NotStarted Some updates remain.}
{"logTime": "1217/083709", "correlationVector":"nTFCge1QEeLTNxRMrZlQuV","action":"Initial GetUpdates", "result":"", "context":Reason: NEWLY_SUPPORTED_DATATYPE. cV=nTFCge1QEeLTNxRMrZlQuV}
{"logTime": "1217/083710", "correlationVector":"nTFCge1QEeLTNxRMrZlQuV.1","action":"SyncServerConnectionManagerRequest", "result":"SYNC_SERVER_OK", "context":{"environment":"Prod_southeastasia_prod-s01-064-apac-southeastasia", "migrationStage":"NotStarted", "server":"akswtt10800000r"}}
{"logTime": "1217/083710", "correlationVector":"nTFCge1QEeLTNxRMrZlQuV.2","action":"ProcessGetUpdates", "result":"Done", "context":{"dataType":"History", "deleted":"0", "process_failed_to_decrypt":"0", "process_pending_decryption":"0", "process_success":"250", "total":"250"}}
{"logTime": "1217/083710", "correlationVector":"nTFCge1QEeLTNxRMrZlQuV.3","action":"GetUpdates Response", "result":"Success", "context":Received 250 update(s). cV=nTFCge1QEeLTNxRMrZlQuV.0;server=akswtt10800000r;cloudType=Consumer;environment=Prod_southeastasia_prod-s01-064-apac-southeastasia;migrationStage=NotStarted Some updates remain.}
{"logTime": "1217/083710", "correlationVector":"7ujS047myN5t+2gph956Nt","action":"Initial GetUpdates", "result":"", "context":Reason: NEWLY_SUPPORTED_DATATYPE. cV=7ujS047myN5t+2gph956Nt}
{"logTime": "1217/083712", "correlationVector":"7ujS047myN5t+2gph956Nt.1","action":"SyncServerConnectionManagerRequest", "result":"SYNC_SERVER_OK", "context":{"environment":"Prod_southeastasia_prod-s01-064-apac-southeastasia", "migrationStage":"NotStarted", "server":"akswtt10800000a"}}
{"logTime": "1217/083712", "correlationVector":"7ujS047myN5t+2gph956Nt.2","action":"ProcessGetUpdates", "result":"Done", "context":{"dataType":"History", "deleted":"0", "process_failed_to_decrypt":"0", "process_pending_decryption":"0", "process_success":"250", "total":"250"}}
{"logTime": "1217/083712", "correlationVector":"7ujS047myN5t+2gph956Nt.3","action":"GetUpdates Response", "result":"Success", "context":Received 250 update(s). cV=7ujS047myN5t+2gph956Nt.0;server=akswtt10800000a;cloudType=Consumer;environment=Prod_southeastasia_prod-s01-064-apac-southeastasia;migrationStage=NotStarted Some updates remain.}
{"logTime": "1217/083712", "correlationVector":"ezkMeG9uQmGxAj3n52JokH","action":"Initial GetUpdates", "result":"", "context":Reason: NEWLY_SUPPORTED_DATATYPE. cV=ezkMeG9uQmGxAj3n52JokH}
{"logTime": "1217/083715", "correlationVector":"ezkMeG9uQmGxAj3n52JokH.1","action":"SyncServerConnectionManagerRequest", "result":"SYNC_SERVER_OK", "context":{"environment":"Prod_southeastasia_prod-s01-064-apac-southeastasia", "migrationStage":"NotStarted", "server":"akswtt10800000s"}}
{"logTime": "1217/083715", "correlationVector":"ezkMeG9uQmGxAj3n52JokH.2","action":"ProcessGetUpdates", "result":"Done", "context":{"dataType":"History", "deleted":"0", "process_failed_to_decrypt":"0", "process_pending_decryption":"0", "process_success":"250", "total":"250"}}
{"logTime": "1217/083715", "correlationVector":"ezkMeG9uQmGxAj3n52JokH.3","action":"GetUpdates Response", "result":"Success", "context":Received 250 update(s). cV=ezkMeG9uQmGxAj3n52JokH.0;server=akswtt10800000s;cloudType=Consumer;environment=Prod_southeastasia_prod-s01-064-apac-southeastasia;migrationStage=NotStarted Some updates remain.}
{"logTime": "1217/083715", "correlationVector":"jssta+B0xHYJCP7CPKCjE1","action":"Initial GetUpdates", "result":"", "context":Reason: NEWLY_SUPPORTED_DATATYPE. cV=jssta+B0xHYJCP7CPKCjE1}
{"logTime": "1217/083717", "correlationVector":"jssta+B0xHYJCP7CPKCjE1.1","action":"SyncServerConnectionManagerRequest", "result":"SYNC_SERVER_OK", "context":{"environment":"Prod_southeastasia_prod-s01-064-apac-southeastasia", "migrationStage":"NotStarted", "server":"akswtt108000007"}}
{"logTime": "1217/083717", "correlationVector":"jssta+B0xHYJCP7CPKCjE1.2","action":"ProcessGetUpdates", "result":"Done", "context":{"dataType":"History", "deleted":"0", "process_failed_to_decrypt":"0", "process_pending_decryption":"0", "process_success":"250", "total":"250"}}
{"logTime": "1217/083717", "correlationVector":"jssta+B0xHYJCP7CPKCjE1.3","action":"GetUpdates Response", "result":"Success", "context":Received 250 update(s). cV=jssta+B0xHYJCP7CPKCjE1.0;server=akswtt108000007;cloudType=Consumer;environment=Prod_southeastasia_prod-s01-064-apac-southeastasia;migrationStage=NotStarted Some updates remain.}
{"logTime": "1217/083717", "correlationVector":"8cgXuMfkgzx52nSVcRrvDo","action":"Initial GetUpdates", "result":"", "context":Reason: NEWLY_SUPPORTED_DATATYPE. cV=8cgXuMfkgzx52nSVcRrvDo}
{"logTime": "1217/083717", "correlationVector":"8cgXuMfkgzx52nSVcRrvDo.1","action":"SyncServerConnectionManagerRequest", "result":"SYNC_SERVER_OK", "context":{"environment":"Prod_southeastasia_prod-s01-064-apac-southeastasia", "migrationStage":"NotStarted", "server":"akswtt10800000e"}}
{"logTime": "1217/083717", "correlationVector":"8cgXuMfkgzx52nSVcRrvDo.2","action":"ProcessGetUpdates", "result":"Done", "context":{"dataType":"History", "deleted":"0", "process_failed_to_decrypt":"0", "process_pending_decryption":"0", "process_success":"221", "total":"221"}}
{"logTime": "1217/083717", "correlationVector":"8cgXuMfkgzx52nSVcRrvDo.3","action":"GetUpdates Response", "result":"Success", "context":Received 221 update(s). cV=8cgXuMfkgzx52nSVcRrvDo.0;server=akswtt10800000e;cloudType=Consumer;environment=Prod_southeastasia_prod-s01-064-apac-southeastasia;migrationStage=NotStarted}
{"logTime": "1217/083717", "correlationVector":"rDM2uxDeyAFeSHniT1fqP2","action":"Normal GetUpdate request", "result":"", "context":cV=rDM2uxDeyAFeSHniT1fqP2
Nudged types: Sessions, Device Info, User Consents
Refresh requested types: Bookmarks, Preferences, Passwords, Autofill Profiles, Autofill, Extensions, Sessions, Extension settings, History Delete Directives, Device Info, User Consents, Send Tab To Self, Web Apps, History, Saved Tab Group, WebAuthn Credentials, Collection, Edge E Drop, Edge Hub App Usage, Edge Wallet, Encryption Keys}
{"logTime": "1217/083719", "correlationVector":"rDM2uxDeyAFeSHniT1fqP2.1","action":"SyncServerConnectionManagerRequest", "result":"SYNC_SERVER_OK", "context":{"environment":"Prod_southeastasia_prod-s01-064-apac-southeastasia", "migrationStage":"NotStarted", "server":"akswtt10800000e"}}
{"logTime": "1217/083719", "correlationVector":"rDM2uxDeyAFeSHniT1fqP2.2","action":"GetUpdates Response", "result":"Success", "context":Received 0 update(s). cV=rDM2uxDeyAFeSHniT1fqP2.0;server=akswtt10800000e;cloudType=Consumer;environment=Prod_southeastasia_prod-s01-064-apac-southeastasia;migrationStage=NotStarted}
{"logTime": "1217/083719", "correlationVector":"4Xa+OpLNCbD5N6QHghAgHO","action":"DoCompareDataConsistency requsted types: ", "result":"Bookmarks, Preferences, Passwords, Extensions, Extension settings, History Delete Directives, Send Tab To Self, Web Apps, History, Saved Tab Group, WebAuthn Credentials, Collection, Edge E Drop, Edge Wallet, Encryption Keys"}
{"logTime": "1217/083719", "correlationVector":"4Xa+OpLNCbD5N6QHghAgHO.0","action":"CompareDataConsistency result: ", "result":"Compare result: Encryption Keys is consistent. local entities count is: 1 local entities hash is: 2cjcY0lkJxZ/VwsmITncJeUqhsE="}
{"logTime": "1217/083719", "correlationVector":"4Xa+OpLNCbD5N6QHghAgHO.1","action":"CompareDataConsistency result: ", "result":"Compare result: Bookmarks is consistent. local entities count is: 13 local entities hash is: zz7UMjN7G1rwyqQJiS4A2+4hf0Q="}
{"logTime": "1217/083719", "correlationVector":"4Xa+OpLNCbD5N6QHghAgHO.2","action":"CompareDataConsistency result: ", "result":"Compare result: Preferences is consistent. local entities count is: 96 local entities hash is: flWw7KW31fUFr4R5PP9/l7OqecE="}
{"logTime": "1217/083719", "correlationVector":"4Xa+OpLNCbD5N6QHghAgHO.3","action":"CompareDataConsistency result: ", "result":"Compare result: Extensions is consistent. local entities count is: 4 local entities hash is: myLuJRirnuTsZh1tClEC6MetqN0="}
{"logTime": "1217/083719", "correlationVector":"4Xa+OpLNCbD5N6QHghAgHO.4","action":"CompareDataConsistency result: ", "result":"Compare result: Extension settings is consistent. local entities count is: 0 local entities hash is: "}
{"logTime": "1217/083719", "correlationVector":"4Xa+OpLNCbD5N6QHghAgHO.5","action":"CompareDataConsistency result: ", "result":"Compare result: History Delete Directives is inconsistent. server entities count is: 3 server entities hash is: eyc09qHyT9cUd9dQnfaE8IvCXyM= local entities count is: 0 local entities hash is: "}
{"logTime": "1217/083719", "correlationVector":"4Xa+OpLNCbD5N6QHghAgHO.6","action":"CompareDataConsistency result: ", "result":"Server did not send this Send Tab To Self local entities count is: 0 local entities hash is: "}
{"logTime": "1217/083719", "correlationVector":"4Xa+OpLNCbD5N6QHghAgHO.7","action":"CompareDataConsistency result: ", "result":"Compare result: Web Apps is consistent. local entities count is: 0 local entities hash is: "}
{"logTime": "1217/083719", "correlationVector":"4Xa+OpLNCbD5N6QHghAgHO.8","action":"CompareDataConsistency result: ", "result":"Server did not send this History local entities count is: 0 local entities hash is: "}
{"logTime": "1217/083719", "correlationVector":"4Xa+OpLNCbD5N6QHghAgHO.9","action":"CompareDataConsistency result: ", "result":"Compare result: Saved Tab Group is consistent. local entities count is: 0 local entities hash is: "}
{"logTime": "1217/083719", "correlationVector":"4Xa+OpLNCbD5N6QHghAgHO.10","action":"CompareDataConsistency result: ", "result":"Server did not send this WebAuthn Credentials local entities count is: 0 local entities hash is: "}
{"logTime": "1217/083719", "correlationVector":"4Xa+OpLNCbD5N6QHghAgHO.11","action":"CompareDataConsistency result: ", "result":"Compare result: Collection is consistent. local entities count is: 1 local entities hash is: YO+ueFDx9ncNLPnIXmzTtyPX2FA="}
{"logTime": "1217/083719", "correlationVector":"4Xa+OpLNCbD5N6QHghAgHO.12","action":"CompareDataConsistency result: ", "result":"Compare result: Edge E Drop is consistent. local entities count is: 0 local entities hash is: "}
{"logTime": "1217/083719", "correlationVector":"4Xa+OpLNCbD5N6QHghAgHO.13","action":"CompareDataConsistency result: ", "result":"Compare result: Edge Wallet is consistent. local entities count is: 0 local entities hash is: "}
{"logTime": "1217/083719", "correlationVector":"4Xa+OpLNCbD5N6QHghAgHO.14","action":"CompareDataConsistency result: ", "result":"Compare result: Passwords is consistent. local entities count is: 52 local entities hash is: PcPydyKc6y/Vo8pE51ti0JOc5RE="}
{"logTime": "1217/083719", "correlationVector":"ZAszB1h0fwjqbR9OnH1y6t","action":"Commit Request", "result":"", "context":Item count: 5
Contributing types: Sessions, Device Info, User Consents}
{"logTime": "1217/083720", "correlationVector":"ZAszB1h0fwjqbR9OnH1y6t.1","action":"SyncServerConnectionManagerRequest", "result":"SYNC_SERVER_OK", "context":{"environment":"Prod_southeastasia_prod-s01-064-apac-southeastasia", "migrationStage":"NotStarted", "server":"akswtt10800000b"}}
{"logTime": "1217/083720", "correlationVector":"ZAszB1h0fwjqbR9OnH1y6t.2","action":"Commit Response", "result":"Success", "context":Result: Success. cV=ZAszB1h0fwjqbR9OnH1y6t.0;server=akswtt10800000b;cloudType=Consumer;environment=Prod_southeastasia_prod-s01-064-apac-southeastasia;migrationStage=NotStarted}
{"logTime": "1217/083720", "correlationVector":"","action":"DIAGNOSTIC_REQUEST|v1/diagnosticData/Diagnostic.SendCheckResult()|SUCCESS", "result":""}
{"logTime": "1217/084544", "correlationVector":"tBkhFE95gTwIF7nQgMFoFg","action":"Normal GetUpdate request", "result":"", "context":cV=tBkhFE95gTwIF7nQgMFoFg
Notified types: Device Info}
{"logTime": "1217/084544", "correlationVector":"tBkhFE95gTwIF7nQgMFoFg.1","action":"SyncServerConnectionManagerRequest", "result":"SYNC_SERVER_OK", "context":{"environment":"Prod_southeastasia_prod-s01-064-apac-southeastasia", "migrationStage":"NotStarted", "server":"akswtt108000009"}}
{"logTime": "1217/084544", "correlationVector":"tBkhFE95gTwIF7nQgMFoFg.2","action":"ProcessGetUpdates", "result":"Done", "context":{"dataType":"Sessions", "deleted":"0", "process_failed_to_decrypt":"0", "process_pending_decryption":"0", "process_success":"3", "total":"3"}}
{"logTime": "1217/084544", "correlationVector":"tBkhFE95gTwIF7nQgMFoFg.3","action":"ProcessGetUpdates", "result":"Done", "context":{"dataType":"Device Info", "deleted":"0", "process_failed_to_decrypt":"0", "process_pending_decryption":"0", "process_success":"2", "total":"2"}}
{"logTime": "1217/084544", "correlationVector":"tBkhFE95gTwIF7nQgMFoFg.4","action":"GetUpdates Response", "result":"Success", "context":Received 5 update(s). cV=tBkhFE95gTwIF7nQgMFoFg.0;server=akswtt108000009;cloudType=Consumer;environment=Prod_southeastasia_prod-s01-064-apac-southeastasia;migrationStage=NotStarted}
{"logTime": "1217/084547", "correlationVector":"RqpQBIOo9Dchq/DXBqEJSW","action":"Normal GetUpdate request", "result":"", "context":cV=RqpQBIOo9Dchq/DXBqEJSW
Notified types: Preferences, Device Info}
{"logTime": "1217/084547", "correlationVector":"RqpQBIOo9Dchq/DXBqEJSW.1","action":"SyncServerConnectionManagerRequest", "result":"SYNC_SERVER_OK", "context":{"environment":"Prod_southeastasia_prod-s01-064-apac-southeastasia", "migrationStage":"NotStarted", "server":"akswtt108000009"}}
{"logTime": "1217/084547", "correlationVector":"RqpQBIOo9Dchq/DXBqEJSW.2","action":"ProcessGetUpdates", "result":"Done", "context":{"dataType":"Preferences", "deleted":"0", "process_failed_to_decrypt":"0", "process_pending_decryption":"0", "process_success":"1", "total":"1"}}
{"logTime": "1217/084547", "correlationVector":"RqpQBIOo9Dchq/DXBqEJSW.3","action":"ProcessGetUpdates", "result":"Done", "context":{"dataType":"Device Info", "deleted":"0", "process_failed_to_decrypt":"0", "process_pending_decryption":"0", "process_success":"1", "total":"1"}}
{"logTime": "1217/084547", "correlationVector":"RqpQBIOo9Dchq/DXBqEJSW.4","action":"GetUpdates Response", "result":"Success", "context":Received 2 update(s). cV=RqpQBIOo9Dchq/DXBqEJSW.0;server=akswtt108000009;cloudType=Consumer;environment=Prod_southeastasia_prod-s01-064-apac-southeastasia;migrationStage=NotStarted}
{"logTime": "1217/084655", "correlationVector":"ONTMz8Xh9fTQAiHVdr+VSW","action":"Normal GetUpdate request", "result":"", "context":cV=ONTMz8Xh9fTQAiHVdr+VSW
Notified types: History}
{"logTime": "1217/084656", "correlationVector":"ONTMz8Xh9fTQAiHVdr+VSW.1","action":"SyncServerConnectionManagerRequest", "result":"SYNC_SERVER_OK", "context":{"environment":"Prod_southeastasia_prod-s01-064-apac-southeastasia", "migrationStage":"NotStarted", "server":"akswtt10800000g"}}
{"logTime": "1217/084656", "correlationVector":"ONTMz8Xh9fTQAiHVdr+VSW.2","action":"ProcessGetUpdates", "result":"Done", "context":{"dataType":"Sessions", "deleted":"0", "process_failed_to_decrypt":"0", "process_pending_decryption":"0", "process_success":"3", "total":"3"}}
{"logTime": "1217/084656", "correlationVector":"ONTMz8Xh9fTQAiHVdr+VSW.3","action":"ProcessGetUpdates", "result":"Done", "context":{"dataType":"History", "deleted":"0", "process_failed_to_decrypt":"0", "process_pending_decryption":"0", "process_success":"2", "total":"2"}}
{"logTime": "1217/084656", "correlationVector":"ONTMz8Xh9fTQAiHVdr+VSW.4","action":"GetUpdates Response", "result":"Success", "context":Received 5 update(s). cV=ONTMz8Xh9fTQAiHVdr+VSW.0;server=akswtt10800000g;cloudType=Consumer;environment=Prod_southeastasia_prod-s01-064-apac-southeastasia;migrationStage=NotStarted}
{"logTime": "1217/114708", "correlationVector":"b6h9obF7DrDzodDPoJX56o.1","action":"SyncServerConnectionManagerRequest", "result":"SYNC_SERVER_OK", "context":{"environment":"Prod_southeastasia_prod-s01-064-apac-southeastasia", "migrationStage":"NotStarted", "server":"akswtt108000005"}}
{"logTime": "1217/114708", "correlationVector":"b6h9obF7DrDzodDPoJX56o.2","action":"ProcessGetUpdates", "result":"Done", "context":{"dataType":"Encryption Keys", "deleted":"0", "process_failed_to_decrypt":"0", "process_pending_decryption":"0", "process_success":"1", "total":"1"}}
{"logTime": "1217/114711", "correlationVector":"wMJPEUzsL5ptqM4g0qXB0C","action":"SyncServerConnectionManagerRequest", "result":"SYNC_SERVER_OK", "context":{"environment":"", "migrationStage":"", "server":""}}
{"logTime": "1217/114711", "correlationVector":"wMJPEUzsL5ptqM4g0qXB0C.0","action":"EncryptionKeysFetcher.DownloadKeys:", "result":"Success", "context":Key count: 10, Last key timestamp: 2025-12-06T11:12:58Z}
{"logTime": "1217/114711", "correlationVector":"wMJPEUzsL5ptqM4g0qXB0C.1","action":"EncryptionKeysManager::SetEncryptionKeys:", "result":"Success", "context":Key names[10]:[6PkLrrX2Fmgm99Emgl+t13nZLIJVZ61304UG13v+3ilcQQ9VXjRspvoaP67coVspDpj3opzCK2Vx1qWilfPb4Q==][tsuZE1pnKS5ari3HgQzYOpYVisXLl5S6g28NmadAoc1qrnR45NK3jLDx+WoHo33wsim/+6TWwnI+2trYXj0Ugg==][Ciqez7btD6p0Imbl87UEArm9wu5pGlspEGdWAjgXk1hjkzvNZrd++ddIma/NMIyIiCqzoPPc5lunUsr67HEOrg==][OlTOrhCd7MvUvdJHdpI7r4vqQD0vtjc/fmvijOxDV7mWqKxqaHRR1+VXAt12So52Ll0fsNR+YXcLDTgNM4Cn2w==][YUhrEMRyHYCVowXA8q2AP+suP32XpgdCeyx7BnhPeQh10YLmmbodu2/N31dtuA4/5UxizIDkbmqdZs++4CiiQg==][A3cN78E1XPMNSPqEVaIEsgkGZokTT2U9g1DOqLJL6QV39L3jT/kxYC4JNy2SEaIy+TfwZg10oKEViBPbYHS6wQ==][xNhgtBjeQJHsM6XdoCuJyE/YMNDhJA7qxr6WjQRukybn424YZgEXpfavj+frwKBcMbfyUAYx7mXu3OyPbVf8+A==][9Y4FturHCn7fOpY0lglBrBQpHwKmeZrgwL8+aaW2b7E8nCAXBqwy8md37pQAflt/Or0rh1x2ZzzSKGQpuP8dvA==][ApYMPXezuj47mln3g2kG8gNJX9G4dosvkBWGusGQFD4QAX8RtrnJpTNchZmeRFhClSvW4BEN4ZxpkDq2iwGhPA==][b1bKpjRMWtwq9AzgcFw71USEipuMQe5N1pF3DJWPS106fG6B3alFPnbyFpputbfHiw/kI5KnzkMPelmGGehkLg==]}
{"logTime": "1217/114711", "correlationVector":"wMJPEUzsL5ptqM4g0qXB0C.2","action":"EncryptionKeysManager::SetEncryptionKeysWithTimestamps:", "result":"Success", "context":Key timestamps[10]:[2021-09-29T10:04:38Z][2022-03-29T00:08:54Z][2022-09-27T02:51:46Z][2023-04-28T15:00:11Z][2023-10-26T00:05:41Z][2024-04-23T09:44:15Z][2024-10-20T22:27:18Z][2024-12-09T10:39:44Z][2025-06-09T03:35:51Z][2025-12-06T11:12:58Z]}
{"logTime": "1217/114711", "correlationVector":"b6h9obF7DrDzodDPoJX56o","action":"Initial GetUpdates", "result":"", "context":Reason: NEW_CLIENT. cV=b6h9obF7DrDzodDPoJX56o}
{"logTime": "1217/114711", "correlationVector":"b6h9obF7DrDzodDPoJX56o.3","action":"GetUpdates Response", "result":"Success", "context":Received 1 update(s). cV=b6h9obF7DrDzodDPoJX56o.0;server=akswtt108000005;cloudType=Consumer;environment=Prod_southeastasia_prod-s01-064-apac-southeastasia;migrationStage=NotStarted}
{"logTime": "1217/114711", "correlationVector":"P/hvUptXiUQ19v12lJrHf8","action":"Initial GetUpdates", "result":"", "context":Reason: NEWLY_SUPPORTED_DATATYPE. cV=P/hvUptXiUQ19v12lJrHf8}
{"logTime": "1217/114716", "correlationVector":"P/hvUptXiUQ19v12lJrHf8.1","action":"SyncServerConnectionManagerRequest", "result":"SYNC_SERVER_OK", "context":{"environment":"Prod_southeastasia_prod-s01-064-apac-southeastasia", "migrationStage":"NotStarted", "server":"akswtt108000009"}}
{"logTime": "1217/114716", "correlationVector":"P/hvUptXiUQ19v12lJrHf8.2","action":"ProcessGetUpdates", "result":"Done", "context":{"dataType":"Passwords", "deleted":"0", "process_failed_to_decrypt":"0", "process_pending_decryption":"0", "process_success":"52", "total":"52"}}
{"logTime": "1217/114716", "correlationVector":"P/hvUptXiUQ19v12lJrHf8.3","action":"GetUpdates Response", "result":"Success", "context":Received 52 update(s). cV=P/hvUptXiUQ19v12lJrHf8.0;server=akswtt108000009;cloudType=Consumer;environment=Prod_southeastasia_prod-s01-064-apac-southeastasia;migrationStage=NotStarted}
{"logTime": "1217/114716", "correlationVector":"EIcwE2KihSuqVQ9O/0WOs3","action":"Normal GetUpdate request", "result":"", "context":cV=EIcwE2KihSuqVQ9O/0WOs3
Nudged types: Sessions, History
Refresh requested types: Bookmarks, Preferences, Passwords, Autofill Profiles, Autofill, Extensions, Sessions, Extension settings, History Delete Directives, Device Info, User Consents, Send Tab To Self, Web Apps, History, Saved Tab Group, WebAuthn Credentials, Collection, Edge E Drop, Edge Hub App Usage, Edge Wallet, Encryption Keys}
{"logTime": "1217/114717", "correlationVector":"EIcwE2KihSuqVQ9O/0WOs3","action":"SyncServerConnectionManagerRequest", "result":"CONNECTION_UNAVAILABLE", "context":{"error_type":"net_error_code", "error_value":"-3"}}
